Error: CCI compilation error -c:\users\sjanardhan\documents\hybris\scripts\hybris_dtc_updatedload_blackfriday_2.0.14hf1_shijiltest\\pre_cci.c: Action1.c:4: error: syntax error; found `,' expecting `}'.	[MsgId: MERR-19799]
Error: CCI compilation error -c:\users\sjanardhan\documents\hybris\scripts\hybris_dtc_updatedload_blackfriday_2.0.14hf1_shijiltest\\pre_cci.c: Action1.c:4: error: skipping `,' "TOYOTA ... `,' "9041 ... `,' "13828 ... `,' "00000NMA ....	[MsgId: MERR-19799]
Error: CCI compilation error -c:\users\sjanardhan\documents\hybris\scripts\hybris_dtc_updatedload_blackfriday_2.0.14hf1_shijiltest\\pre_cci.c: Action1.c:4: error: syntax error; found `,' expecting `}'.	[MsgId: MERR-19799]
Error: CCI compilation error -c:\users\sjanardhan\documents\hybris\scripts\hybris_dtc_updatedload_blackfriday_2.0.14hf1_shijiltest\\pre_cci.c: Action1.c:4: error: skipping `,' "ACURA ... `,' "2956 ... `,' "17110 ... `,' "000001XI ....	[MsgId: MERR-19799]
Error: CCI compilation error -c:\users\sjanardhan\documents\hybris\scripts\hybris_dtc_updatedload_blackfriday_2.0.14hf1_shijiltest\\pre_cci.c: Action1.c:4: error: syntax error; found `,' expecting `}'.	[MsgId: MERR-19799]
Error: CCI compilation error -c:\users\sjanardhan\documents\hybris\scripts\hybris_dtc_updatedload_blackfriday_2.0.14hf1_shijiltest\\pre_cci.c: Action1.c:4: error: skipping `,' "FORD ... `,' "5193 ... `,' "7736 ... `,' "00000EIB ....	[MsgId: MERR-19799]
Error: CCI compilation error -c:\users\sjanardhan\documents\hybris\scripts\hybris_dtc_updatedload_blackfriday_2.0.14hf1_shijiltest\\pre_cci.c: c:\\users\\sjanardhan\\documents\\hybris\\scripts\\hybris_dtc_updatedload_blackfriday_2.0.14hf1_shijiltest\\\\combined_Hybris_DTC_UpdatedLoad_BlackFriday_2.0.14hf1_ShijilTest.c:18: error: 6 errors, not writing pre_cci.ci.	[MsgId: MERR-19799]
Error: Vuser compilation failed. Please set CCIDebug to Off in CCI section of mdrv.dat file.	[MsgId: MERR-19797]
Warning: Extension cciext.dll reports error -19797 on call to function ExtPerProcessInitialize	[MsgId: MWAR-10485]
Error: Thread Context: Call to service of the driver failed, reason - thread context wasn't initialized on this thread.	[MsgId: MERR-10176]
